----------

Tue May 13 2025 13:41:27 GMT-0500 (Central Daylight Time)

warning: in the working copy of 'assets/bootstrap/css/bootstrap.min.css', LF will be replaced by CRLF the next time Git touches it


----------

Tue May 13 2025 13:41:27 GMT-0500 (Central Daylight Time)

warning: in the working copy of 'assets/bootstrap/js/bootstrap.min.js', LF will be replaced by CRLF the next time Git touches it


----------

Tue May 13 2025 13:41:27 GMT-0500 (Central Daylight Time)

warning: in the working copy of 'index.html', LF will be replaced by CRLF the next time Git touches it


----------

Tue May 13 2025 13:41:29 GMT-0500 (Central Daylight Time)

remote: Permission to neon-tides/senior-show-25.git denied to BrooksStuff.
fatal: unable to access 'https://github.com/neon-tides/senior-show-25.git/': The requested URL returned error: 403


----------

Tue May 13 2025 13:42:10 GMT-0500 (Central Daylight Time)

warning: in the working copy of 'assets/bootstrap/css/bootstrap.min.css', LF will be replaced by CRLF the next time Git touches it


----------

Tue May 13 2025 13:42:10 GMT-0500 (Central Daylight Time)

warning: in the working copy of 'assets/bootstrap/js/bootstrap.min.js', LF will be replaced by CRLF the next time Git touches it


----------

Tue May 13 2025 13:42:10 GMT-0500 (Central Daylight Time)

warning: in the working copy of 'index.html', LF will be replaced by CRLF the next time Git touches it


----------

Tue May 13 2025 13:42:10 GMT-0500 (Central Daylight Time)

remote: Permission to neon-tides/senior-show-25.git denied to BrooksStuff.
fatal: unable to access 'https://github.com/neon-tides/senior-show-25.git/': The requested URL returned error: 403


----------

Tue May 13 2025 13:43:41 GMT-0500 (Central Daylight Time)

warning: in the working copy of 'assets/bootstrap/css/bootstrap.min.css', LF will be replaced by CRLF the next time Git touches it
warning: in the working copy of 'assets/bootstrap/js/bootstrap.min.js', LF will be replaced by CRLF the next time Git touches it


----------

Tue May 13 2025 13:43:41 GMT-0500 (Central Daylight Time)

warning: in the working copy of 'index.html', LF will be replaced by CRLF the next time Git touches it


----------

Tue May 13 2025 13:43:41 GMT-0500 (Central Daylight Time)

remote: Permission to neon-tides/senior-show-25.git denied to BrooksStuff.
fatal: unable to access 'https://github.com/neon-tides/senior-show-25.git/': The requested URL returned error: 403


----------

Tue May 13 2025 13:46:23 GMT-0500 (Central Daylight Time)

warning: in the working copy of 'assets/bootstrap/css/bootstrap.min.css', LF will be replaced by CRLF the next time Git touches it


----------

Tue May 13 2025 13:46:23 GMT-0500 (Central Daylight Time)

warning: in the working copy of 'assets/bootstrap/js/bootstrap.min.js', LF will be replaced by CRLF the next time Git touches it


----------

Tue May 13 2025 13:46:23 GMT-0500 (Central Daylight Time)

warning: in the working copy of 'index.html', LF will be replaced by CRLF the next time Git touches it


----------

Tue May 13 2025 13:46:24 GMT-0500 (Central Daylight Time)

remote: Permission to neon-tides/senior-show-25.git denied to BrooksStuff.
fatal: unable to access 'https://github.com/neon-tides/senior-show-25.git/': The requested URL returned error: 403


----------

Tue May 13 2025 13:47:50 GMT-0500 (Central Daylight Time)

warning: in the working copy of 'assets/bootstrap/css/bootstrap.min.css', LF will be replaced by CRLF the next time Git touches it


----------

Tue May 13 2025 13:47:50 GMT-0500 (Central Daylight Time)

warning: in the working copy of 'assets/bootstrap/js/bootstrap.min.js', LF will be replaced by CRLF the next time Git touches it


----------

Tue May 13 2025 13:47:50 GMT-0500 (Central Daylight Time)

warning: in the working copy of 'index.html', LF will be replaced by CRLF the next time Git touches it


----------

Tue May 13 2025 13:47:52 GMT-0500 (Central Daylight Time)

Everything up-to-date


----------

Tue May 13 2025 13:51:04 GMT-0500 (Central Daylight Time)

warning: in the working copy of 'assets/bootstrap/css/bootstrap.min.css', LF will be replaced by CRLF the next time Git touches it


----------

Tue May 13 2025 13:51:04 GMT-0500 (Central Daylight Time)

warning: in the working copy of 'assets/bootstrap/js/bootstrap.min.js', LF will be replaced by CRLF the next time Git touches it


----------

Tue May 13 2025 13:51:04 GMT-0500 (Central Daylight Time)

warning: in the working copy of 'index.html', LF will be replaced by CRLF the next time Git touches it


----------

Tue May 13 2025 13:51:05 GMT-0500 (Central Daylight Time)

Everything up-to-date


